<?xml version="1.0" encoding="utf-8"?><testsuites><testsuite errors="0" failures="0" hostname="DESKTOP-8F8CLRJ" name="pytest" skipped="0" tests="41" time="0.471" timestamp="2020-04-02T20:46:59.664458"><testcase classname="test_purchase.TestPurchase" file="test_purchase.py" line="41" name="test_internet_package_on[True-10200-True]" time="0.003"></testcase><testcase classname="test_purchase.TestPurchase" file="test_purchase.py" line="41" name="test_internet_package_on[True-10000-False]" time="0.001"></testcase><testcase classname="test_purchase.TestPurchase" file="test_purchase.py" line="51" name="test_internet_package_off[False-9800-True]" time="0.002"></testcase><testcase classname="test_purchase.TestPurchase" file="test_purchase.py" line="51" name="test_internet_package_off[False-10000-False]" time="0.003"></testcase><testcase classname="test_purchase.TestPurchase" file="test_purchase.py" line="58" name="test_inc_total_phone_lines" time="0.003"></testcase><testcase classname="test_purchase.TestPurchase" file="test_purchase.py" line="70" name="test_dec_total_phone_lines" time="0.001"></testcase><testcase classname="test_purchase.TestPurchase" file="test_purchase.py" line="92" name="test_select_cellphone[Motorola G99-800-True]" time="0.003"></testcase><testcase classname="test_purchase.TestPurchase" file="test_purchase.py" line="92" name="test_select_cellphone[iPhone 99-6000-True]" time="0.001"></testcase><testcase classname="test_purchase.TestPurchase" file="test_purchase.py" line="92" name="test_select_cellphone[Samsung Galaxy 99-1000-True]" time="0.002"></testcase><testcase classname="test_purchase.TestPurchase" file="test_purchase.py" line="92" name="test_select_cellphone[Sony Xperia 99-900-True]" time="0.003"></testcase><testcase classname="test_purchase.TestPurchase" file="test_purchase.py" line="92" name="test_select_cellphone[Huawei 99-900-True]" time="0.003"></testcase><testcase classname="test_purchase.TestPurchase" file="test_purchase.py" line="92" name="test_select_cellphone[G99-0-False]" time="0.003"></testcase><testcase classname="test_purchase.TestPurchase" file="test_purchase.py" line="92" name="test_select_cellphone[-0-False]" time="0.001"></testcase><testcase classname="test_purchase.TestPurchase" file="test_purchase.py" line="92" name="test_select_cellphone[Huawei 99 Sony Xperia 99-0-False]" time="0.002"></testcase><testcase classname="test_purchase.TestPurchase" file="test_purchase.py" line="92" name="test_select_cellphone[\xe6\xf8\xe5-.,+0&amp;/(!&quot;#%\xa4&amp;?`)=\xe2\xe0\xe1\xe4*`|-0-False]" time="0.002"></testcase><testcase classname="test_purchase.TestPurchase" file="test_purchase.py" line="92" name="test_select_cellphone[None-0-False]" time="0.004"></testcase><testcase classname="test_purchase.TestPurchase" file="test_purchase.py" line="114" name="test_unselect_cellphone[Motorola G99-9200-True]" time="0.002"></testcase><testcase classname="test_purchase.TestPurchase" file="test_purchase.py" line="114" name="test_unselect_cellphone[iPhone 99-4000-True]" time="0.002"></testcase><testcase classname="test_purchase.TestPurchase" file="test_purchase.py" line="114" name="test_unselect_cellphone[Samsung Galaxy 99-9000-True]" time="0.003"></testcase><testcase classname="test_purchase.TestPurchase" file="test_purchase.py" line="114" name="test_unselect_cellphone[Sony Xperia 99-9100-True]" time="0.003"></testcase><testcase classname="test_purchase.TestPurchase" file="test_purchase.py" line="114" name="test_unselect_cellphone[Huawei 99-9100-True]" time="0.002"></testcase><testcase classname="test_purchase.TestPurchase" file="test_purchase.py" line="114" name="test_unselect_cellphone[huawei 99-9100-False]" time="0.004"></testcase><testcase classname="test_purchase.TestPurchase" file="test_purchase.py" line="114" name="test_unselect_cellphone[iPhone 99 Samsung Galaxy 99-4000-False]" time="0.004"></testcase><testcase classname="test_purchase.TestPurchase" file="test_purchase.py" line="114" name="test_unselect_cellphone[\xe6\xf8\xe5-.,+0&amp;/(!&quot;#%\xa4&amp;?`)=\xe2\xe0\xe1\xe4*`|-0-False]" time="0.002"></testcase><testcase classname="test_purchase.TestPurchase" file="test_purchase.py" line="114" name="test_unselect_cellphone[-0-False]" time="0.003"></testcase><testcase classname="test_purchase.TestPurchase" file="test_purchase.py" line="114" name="test_unselect_cellphone[None-0-False]" time="0.004"></testcase><testcase classname="test_purchase.TestPurchase" file="test_purchase.py" line="138" name="test_buy_message[purchase_cases0-False]" time="0.001"></testcase><testcase classname="test_purchase.TestPurchase" file="test_purchase.py" line="138" name="test_buy_message[purchase_cases1-False]" time="0.004"></testcase><testcase classname="test_purchase.TestPurchase" file="test_purchase.py" line="138" name="test_buy_message[purchase_cases2-True]" time="0.005"></testcase><testcase classname="test_purchase.TestPurchase" file="test_purchase.py" line="138" name="test_buy_message[purchase_cases3-True]" time="0.005"></testcase><testcase classname="test_purchase.TestPurchase" file="test_purchase.py" line="138" name="test_buy_message[purchase_cases4-True]" time="0.005"></testcase><testcase classname="test_purchase.TestPurchase" file="test_purchase.py" line="138" name="test_buy_message[purchase_cases5-True]" time="0.004"></testcase><testcase classname="test_purchase.TestPurchase" file="test_purchase.py" line="138" name="test_buy_message[purchase_cases6-True]" time="0.003"></testcase><testcase classname="test_purchase.TestPurchase" file="test_purchase.py" line="138" name="test_buy_message[purchase_cases7-False]" time="0.003"></testcase><testcase classname="test_purchase.TestPurchase" file="test_purchase.py" line="138" name="test_buy_message[purchase_cases8-False]" time="0.003"></testcase><testcase classname="test_purchase.TestPurchase" file="test_purchase.py" line="138" name="test_buy_message[purchase_cases9-False]" time="0.003"></testcase><testcase classname="test_splitter.TestSplitter" file="test_splitter.py" line="15" name="test_split_request[phones=Motorola+G99%2CHuawei+99&amp;phoneLine=-1&amp;internet=false--1-expected_phones0-False]" time="0.005"></testcase><testcase classname="test_splitter.TestSplitter" file="test_splitter.py" line="15" name="test_split_request[phones=Motorola+G99&amp;phoneLine=0&amp;internet=false-0-expected_phones1-False]" time="0.005"></testcase><testcase classname="test_splitter.TestSplitter" file="test_splitter.py" line="15" name="test_split_request[phones=iPhone+99%2CiPhone+99%2CiPhone+99&amp;phoneLine=1&amp;internet=true -1-expected_phones2-True]" time="0.004"></testcase><testcase classname="test_splitter.TestSplitter" file="test_splitter.py" line="15" name="test_split_request[phones=&amp;phoneLine=8&amp;internet=true-8-expected_phones3-True]" time="0.006"></testcase><testcase classname="test_splitter.TestSplitter" file="test_splitter.py" line="15" name="test_split_request[phones=&amp;phoneLine=9&amp;internet=false-9-expected_phones4-False]" time="0.005"></testcase></testsuite></testsuites>